\BOOKMARK [1][]{section*.1}{\376\377\000C\000u\000r\000r\000e\000n\000t\000\040\000P\000o\000s\000i\000t\000i\000o\000n\000s}{}% 1
\BOOKMARK [1][]{section*.2}{\376\377\000E\000d\000u\000c\000a\000t\000i\000o\000n}{}% 2
\BOOKMARK [1][]{section*.3}{\376\377\000P\000a\000s\000t\000\040\000W\000o\000r\000k\000\040\000E\000x\000p\000e\000r\000i\000e\000n\000c\000e}{}% 3
\BOOKMARK [1][]{section*.4}{\376\377\000T\000e\000a\000c\000h\000i\000n\000g\000\040\000e\000x\000p\000e\000r\000i\000e\000n\000c\000e}{}% 4
\BOOKMARK [1][]{section*.5}{\376\377\000R\000e\000s\000e\000a\000r\000c\000h\000\040\000G\000r\000a\000n\000t\000s}{}% 5
\BOOKMARK [1][]{section*.6}{\376\377\000J\000o\000u\000r\000n\000a\000l\000\040\000P\000a\000p\000e\000r\000s\000\040\000a\000n\000d\000\040\000C\000o\000n\000f\000e\000r\000e\000n\000c\000e\000\040\000P\000r\000o\000c\000e\000e\000d\000i\000n\000g\000s\000\040}{}% 6
\BOOKMARK [2][]{section*.7}{\376\377\0002\0000\0002\0005}{section*.6}% 7
\BOOKMARK [2][]{section*.8}{\376\377\0002\0000\0002\0004}{section*.6}% 8
\BOOKMARK [2][]{section*.9}{\376\377\0002\0000\0002\0003}{section*.6}% 9
\BOOKMARK [2][]{section*.10}{\376\377\0002\0000\0002\0002}{section*.6}% 10
\BOOKMARK [2][]{section*.11}{\376\377\0002\0000\0002\0001}{section*.6}% 11
\BOOKMARK [2][]{section*.12}{\376\377\0002\0000\0002\0000}{section*.6}% 12
\BOOKMARK [2][]{section*.13}{\376\377\0002\0000\0001\0009}{section*.6}% 13
\BOOKMARK [2][]{section*.14}{\376\377\0002\0000\0001\0008}{section*.6}% 14
\BOOKMARK [2][]{section*.15}{\376\377\0002\0000\0001\0007}{section*.6}% 15
\BOOKMARK [2][]{section*.16}{\376\377\0002\0000\0001\0006}{section*.6}% 16
\BOOKMARK [2][]{section*.17}{\376\377\0002\0000\0001\0005}{section*.6}% 17
\BOOKMARK [2][]{section*.18}{\376\377\0002\0000\0001\0004}{section*.6}% 18
\BOOKMARK [2][]{section*.19}{\376\377\0002\0000\0001\0003}{section*.6}% 19
\BOOKMARK [2][]{section*.20}{\376\377\0002\0000\0001\0002}{section*.6}% 20
\BOOKMARK [2][]{section*.21}{\376\377\0002\0000\0001\0001}{section*.6}% 21
\BOOKMARK [2][]{section*.22}{\376\377\0002\0000\0001\0000}{section*.6}% 22
\BOOKMARK [2][]{section*.23}{\376\377\0002\0000\0000\0009}{section*.6}% 23
\BOOKMARK [1][]{section*.24}{\376\377\000P\000a\000t\000e\000n\000t\000s}{}% 24
\BOOKMARK [1][]{section*.25}{\376\377\000S\000c\000h\000o\000l\000a\000r\000s\000h\000i\000p\000s\000\040\000a\000n\000d\000\040\000A\000w\000a\000r\000d\000s}{}% 25
\BOOKMARK [1][]{section*.26}{\376\377\000S\000e\000r\000v\000i\000c\000e\000\040\000A\000c\000t\000i\000v\000i\000t\000i\000e\000s}{}% 26
\BOOKMARK [1][]{section*.27}{\376\377\000A\000d\000d\000i\000t\000i\000o\000n\000a\000l\000\040\000I\000n\000f\000o\000r\000m\000a\000t\000i\000o\000n}{}% 27
