This is pdfTeX, Version 3.14159265-2.6-1.40.21 (MiKTeX 21.1) (preloaded format=pdflatex 2021.1.27)  27 JAN 2021 14:26
entering extended mode
**./cv_mhernaez.tex
(cv_mhernaez.tex
LaTeX2e <2020-10-01> patch level 4
L3 programming layer <2021-01-09> xparse <2020-03-03> (moderncv.cls
Document Class: moderncv 2015/07/28 v2.0.0 modern curriculum vitae and letter d
ocument class

("/Users/mikelhernaez/Library/Application Support/MiKTeX/texmfs/install/tex/lat
ex/base/size11.clo"
File: size11.clo 2020/04/10 v1.4m Standard LaTeX file (size option)
)
("/Users/mikelhernaez/Library/Application Support/MiKTeX/texmfs/install/tex/lat
ex/etoolbox/etoolbox.sty"
Package: etoolbox 2020/10/05 v2.5k e-TeX tools for LaTeX (JAW)
\etb@tempcnta=\count177
)
("/Users/mikelhernaez/Library/Application Support/MiKTeX/texmfs/install/tex/lat
ex/base/ifthen.sty"
Package: ifthen 2014/09/29 v1.1c Standard LaTeX ifthen package (DPC)
)
("/Users/mikelhernaez/Library/Application Support/MiKTeX/texmfs/install/tex/lat
ex/xcolor/xcolor.sty"
Package: xcolor 2016/05/11 v2.12 LaTeX color extensions (UK)

("/Users/mikelhernaez/Library/Application Support/MiKTeX/texmfs/install/tex/lat
ex/graphics-cfg/color.cfg"
File: color.cfg 2016/01/02 v1.6 sample color configuration
)
Package xcolor Info: Driver file: pdftex.def on input line 225.

("/Users/mikelhernaez/Library/Application Support/MiKTeX/texmfs/install/tex/lat
ex/graphics-def/pdftex.def"
File: pdftex.def 2020/10/05 v1.2a Graphics/color driver for pdftex
)
("/Users/mikelhernaez/Library/Application Support/MiKTeX/texmfs/install/tex/lat
ex/colortbl/colortbl.sty"
Package: colortbl 2020/01/04 v1.0e Color table columns (DPC)

("/Users/mikelhernaez/Library/Application Support/MiKTeX/texmfs/install/tex/lat
ex/latex-tools/array.sty"
Package: array 2020/10/01 v2.5c Tabular extension package (FMi)
\col@sep=\dimen138
\ar@mcellbox=\box47
\extrarowheight=\dimen139
\NC@list=\toks15
\extratabsurround=\skip47
\backup@length=\skip48
\ar@cellbox=\box48
)
\everycr=\toks16
\minrowclearance=\skip49
)
\rownum=\count178
Package xcolor Info: Model `cmy' substituted by `cmy0' on input line 1348.
Package xcolor Info: Model `hsb' substituted by `rgb' on input line 1352.
Package xcolor Info: Model `RGB' extended on input line 1364.
Package xcolor Info: Model `HTML' substituted by `rgb' on input line 1366.
Package xcolor Info: Model `Hsb' substituted by `hsb' on input line 1367.
Package xcolor Info: Model `tHsb' substituted by `hsb' on input line 1368.
Package xcolor Info: Model `HSB' substituted by `hsb' on input line 1369.
Package xcolor Info: Model `Gray' substituted by `gray' on input line 1370.
Package xcolor Info: Model `wave' substituted by `hsb' on input line 1371.
)
("/Users/mikelhernaez/Library/Application Support/MiKTeX/texmfs/install/tex/gen
eric/iftex/ifxetex.sty"
Package: ifxetex 2019/10/25 v0.7 ifxetex legacy package. Use iftex instead.

("/Users/mikelhernaez/Library/Application Support/MiKTeX/texmfs/install/tex/gen
eric/iftex/iftex.sty"
Package: iftex 2020/03/06 v1.0d TeX engine tests
))
("/Users/mikelhernaez/Library/Application Support/MiKTeX/texmfs/install/tex/gen
eric/iftex/ifluatex.sty"
Package: ifluatex 2019/10/25 v1.5 ifluatex legacy package. Use iftex instead.
)
("/Users/mikelhernaez/Library/Application Support/MiKTeX/texmfs/install/tex/lat
ex/base/fontenc.sty"
Package: fontenc 2020/08/10 v2.0s Standard LaTeX package
)
("/Users/mikelhernaez/Library/Application Support/MiKTeX/texmfs/install/tex/lat
ex/lm/lmodern.sty"
Package: lmodern 2009/10/30 v1.6 Latin Modern Fonts
LaTeX Font Info:    Overwriting symbol font `operators' in version `normal'
(Font)                  OT1/cmr/m/n --> OT1/lmr/m/n on input line 22.
LaTeX Font Info:    Overwriting symbol font `letters' in version `normal'
(Font)                  OML/cmm/m/it --> OML/lmm/m/it on input line 23.
LaTeX Font Info:    Overwriting symbol font `symbols' in version `normal'
(Font)                  OMS/cmsy/m/n --> OMS/lmsy/m/n on input line 24.
LaTeX Font Info:    Overwriting symbol font `largesymbols' in version `normal'
(Font)                  OMX/cmex/m/n --> OMX/lmex/m/n on input line 25.
LaTeX Font Info:    Overwriting symbol font `operators' in version `bold'
(Font)                  OT1/cmr/bx/n --> OT1/lmr/bx/n on input line 26.
LaTeX Font Info:    Overwriting symbol font `letters' in version `bold'
(Font)                  OML/cmm/b/it --> OML/lmm/b/it on input line 27.
LaTeX Font Info:    Overwriting symbol font `symbols' in version `bold'
(Font)                  OMS/cmsy/b/n --> OMS/lmsy/b/n on input line 28.
LaTeX Font Info:    Overwriting symbol font `largesymbols' in version `bold'
(Font)                  OMX/cmex/m/n --> OMX/lmex/m/n on input line 29.
LaTeX Font Info:    Overwriting math alphabet `\mathbf' in version `normal'
(Font)                  OT1/cmr/bx/n --> OT1/lmr/bx/n on input line 31.
LaTeX Font Info:    Overwriting math alphabet `\mathsf' in version `normal'
(Font)                  OT1/cmss/m/n --> OT1/lmss/m/n on input line 32.
LaTeX Font Info:    Overwriting math alphabet `\mathit' in version `normal'
(Font)                  OT1/cmr/m/it --> OT1/lmr/m/it on input line 33.
LaTeX Font Info:    Overwriting math alphabet `\mathtt' in version `normal'
(Font)                  OT1/cmtt/m/n --> OT1/lmtt/m/n on input line 34.
LaTeX Font Info:    Overwriting math alphabet `\mathbf' in version `bold'
(Font)                  OT1/cmr/bx/n --> OT1/lmr/bx/n on input line 35.
LaTeX Font Info:    Overwriting math alphabet `\mathsf' in version `bold'
(Font)                  OT1/cmss/bx/n --> OT1/lmss/bx/n on input line 36.
LaTeX Font Info:    Overwriting math alphabet `\mathit' in version `bold'
(Font)                  OT1/cmr/bx/it --> OT1/lmr/bx/it on input line 37.
LaTeX Font Info:    Overwriting math alphabet `\mathtt' in version `bold'
(Font)                  OT1/cmtt/m/n --> OT1/lmtt/m/n on input line 38.
)
("/Users/mikelhernaez/Library/Application Support/MiKTeX/texmfs/install/tex/lat
ex/url/url.sty"
\Urlmuskip=\muskip16
Package: url 2013/09/16  ver 3.4  Verb mode for urls, etc.
)
("/Users/mikelhernaez/Library/Application Support/MiKTeX/texmfs/install/tex/lat
ex/graphics/graphicx.sty"
Package: graphicx 2020/09/09 v1.2b Enhanced LaTeX Graphics (DPC,SPQR)

("/Users/mikelhernaez/Library/Application Support/MiKTeX/texmfs/install/tex/lat
ex/graphics/keyval.sty"
Package: keyval 2014/10/28 v1.15 key=value parser (DPC)
\KV@toks@=\toks17
)
("/Users/mikelhernaez/Library/Application Support/MiKTeX/texmfs/install/tex/lat
ex/graphics/graphics.sty"
Package: graphics 2020/08/30 v1.4c Standard LaTeX Graphics (DPC,SPQR)

("/Users/mikelhernaez/Library/Application Support/MiKTeX/texmfs/install/tex/lat
ex/graphics/trig.sty"
Package: trig 2016/01/03 v1.10 sin cos tan (DPC)
)
("/Users/mikelhernaez/Library/Application Support/MiKTeX/texmfs/install/tex/lat
ex/graphics-cfg/graphics.cfg"
File: graphics.cfg 2016/06/04 v1.11 sample graphics configuration
)
Package graphics Info: Driver file: pdftex.def on input line 105.
)
\Gin@req@height=\dimen140
\Gin@req@width=\dimen141
)
("/Users/mikelhernaez/Library/Application Support/MiKTeX/texmfs/install/tex/lat
ex/fancyhdr/fancyhdr.sty"
Package: fancyhdr 2021/01/04 v4.0 Extensive control of page headers and footers

\f@nch@headwidth=\skip50
\f@nch@O@elh=\skip51
\f@nch@O@erh=\skip52
\f@nch@O@olh=\skip53
\f@nch@O@orh=\skip54
\f@nch@O@elf=\skip55
\f@nch@O@erf=\skip56
\f@nch@O@olf=\skip57
\f@nch@O@orf=\skip58
) (tweaklist.sty)
("/Users/mikelhernaez/Library/Application Support/MiKTeX/texmfs/install/tex/lat
ex/latex-tools/calc.sty"
Package: calc 2017/05/25 v4.3 Infix arithmetic (KKT,FJ)
\calc@Acount=\count179
\calc@Bcount=\count180
\calc@Adimen=\dimen142
\calc@Bdimen=\dimen143
\calc@Askip=\skip59
\calc@Bskip=\skip60
LaTeX Info: Redefining \setlength on input line 80.
LaTeX Info: Redefining \addtolength on input line 81.
\calc@Ccount=\count181
\calc@Cskip=\skip61
)
("/Users/mikelhernaez/Library/Application Support/MiKTeX/texmfs/install/tex/lat
ex/l3packages/xparse/xparse.sty"
("/Users/mikelhernaez/Library/Application Support/MiKTeX/texmfs/install/tex/lat
ex/l3kernel/expl3.sty"
Package: expl3 2021-01-09 L3 programming layer (loader) 

("/Users/mikelhernaez/Library/Application Support/MiKTeX/texmfs/install/tex/lat
ex/l3backend/l3backend-pdftex.def"
File: l3backend-pdftex.def 2021-01-09 L3 backend support: PDF output (pdfTeX)
\l__kernel_color_stack_int=\count182
\l__pdf_internal_box=\box49
))
Package: xparse 2020-10-27 L3 Experimental document command parser

("/Users/mikelhernaez/Library/Application Support/MiKTeX/texmfs/install/tex/lat
ex/l3packages/xparse/xparse-generic.tex"))
("/Users/mikelhernaez/Library/Application Support/MiKTeX/texmfs/install/tex/lat
ex/microtype/microtype.sty"
Package: microtype 2020/12/07 v2.8 Micro-typographical refinements (RS)
\MT@toks=\toks18
\MT@count=\count183
LaTeX Info: Redefining \textls on input line 788.
\MT@outer@kern=\dimen144
LaTeX Info: Redefining \textmicrotypecontext on input line 1358.
\MT@listname@count=\count184

("/Users/mikelhernaez/Library/Application Support/MiKTeX/texmfs/install/tex/lat
ex/microtype/microtype-pdftex.def"
File: microtype-pdftex.def 2020/12/07 v2.8 Definitions specific to pdftex (RS)
LaTeX Info: Redefining \lsstyle on input line 915.
LaTeX Info: Redefining \lslig on input line 915.
\MT@outer@space=\skip62
)
Package microtype Info: Loading configuration file microtype.cfg.

("/Users/mikelhernaez/Library/Application Support/MiKTeX/texmfs/install/tex/lat
ex/microtype/microtype.cfg"
File: microtype.cfg 2020/12/07 v2.8 microtype main configuration file (RS)
)) (moderncvcollection.sty
Package: moderncvcollection 2015/07/28 v2.0.0 moderncv collections
\c@collection@iterator=\count185
)
(moderncvcompatibility.sty
Package: moderncvcompatibility 2015/07/28 v2.0.0 modern curriculum vitae and le
tter compatibility patches
)
\c@collection@phones@count=\count186
\c@collection@socials@count=\count187
\c@cvcolumnscounter=\count188
\c@cvcolumnsautowidthcounter=\count189
\c@tmpiteratorcounter=\count190
\cvcolumnsdummywidth=\skip63
\cvcolumnswidth=\skip64
\cvcolumnsautowidth=\skip65
\cvcolumnautowidth=\skip66
\bibindent=\skip67
)
("/Users/mikelhernaez/Library/Application Support/MiKTeX/texmfs/install/tex/lat
ex/amsmath/amsmath.sty"
Package: amsmath 2020/09/23 v2.17i AMS math features
\@mathmargin=\skip68

For additional information on amsmath, use the `?' option.

("/Users/mikelhernaez/Library/Application Support/MiKTeX/texmfs/install/tex/lat
ex/amsmath/amstext.sty"
Package: amstext 2000/06/29 v2.01 AMS text

("/Users/mikelhernaez/Library/Application Support/MiKTeX/texmfs/install/tex/lat
ex/amsmath/amsgen.sty"
File: amsgen.sty 1999/11/30 v2.0 generic functions
\@emptytoks=\toks19
\ex@=\dimen145
))
("/Users/mikelhernaez/Library/Application Support/MiKTeX/texmfs/install/tex/lat
ex/amsmath/amsbsy.sty"
Package: amsbsy 1999/11/29 v1.2d Bold Symbols
\pmbraise@=\dimen146
)
("/Users/mikelhernaez/Library/Application Support/MiKTeX/texmfs/install/tex/lat
ex/amsmath/amsopn.sty"
Package: amsopn 2016/03/08 v2.02 operator names
)
\inf@bad=\count191
LaTeX Info: Redefining \frac on input line 234.
\uproot@=\count192
\leftroot@=\count193
LaTeX Info: Redefining \overline on input line 399.
\classnum@=\count194
\DOTSCASE@=\count195
LaTeX Info: Redefining \ldots on input line 496.
LaTeX Info: Redefining \dots on input line 499.
LaTeX Info: Redefining \cdots on input line 620.
\Mathstrutbox@=\box50
\strutbox@=\box51
\big@size=\dimen147
LaTeX Font Info:    Redeclaring font encoding OML on input line 743.
LaTeX Font Info:    Redeclaring font encoding OMS on input line 744.
\macc@depth=\count196
\c@MaxMatrixCols=\count197
\dotsspace@=\muskip17
\c@parentequation=\count198
\dspbrk@lvl=\count199
\tag@help=\toks20
\row@=\count266
\column@=\count267
\maxfields@=\count268
\andhelp@=\toks21
\eqnshift@=\dimen148
\alignsep@=\dimen149
\tagshift@=\dimen150
\tagwidth@=\dimen151
\totwidth@=\dimen152
\lineht@=\dimen153
\@envbody=\toks22
\multlinegap=\skip69
\multlinetaggap=\skip70
\mathdisplay@stack=\toks23
LaTeX Info: Redefining \[ on input line 2923.
LaTeX Info: Redefining \] on input line 2924.
) (moderncvstyleCLASSIC.sty

LaTeX Warning: You have requested package `moderncvstyleCLASSIC',
               but the package provides `moderncvstyleclassic'.

Package: moderncvstyleclassic 2015/07/28 v2.0.0 modern curriculum vitae and let
ter style scheme: classic
(moderncviconsmarvosym.sty
Package: moderncviconsmarvosym 2015/07/28 v2.0.0 modern curriculum vitae and le
tter icons: marvosym

("/Users/mikelhernaez/Library/Application Support/MiKTeX/texmfs/install/tex/lat
ex/pgf/frontendlayer/tikz.sty"
("/Users/mikelhernaez/Library/Application Support/MiKTeX/texmfs/install/tex/lat
ex/pgf/basiclayer/pgf.sty"
("/Users/mikelhernaez/Library/Application Support/MiKTeX/texmfs/install/tex/lat
ex/pgf/utilities/pgfrcs.sty"
("/Users/mikelhernaez/Library/Application Support/MiKTeX/texmfs/install/tex/gen
eric/pgf/utilities/pgfutil-common.tex"
\pgfutil@everybye=\toks24
\pgfutil@tempdima=\dimen154
\pgfutil@tempdimb=\dimen155

("/Users/mikelhernaez/Library/Application Support/MiKTeX/texmfs/install/tex/gen
eric/pgf/utilities/pgfutil-common-lists.tex"))
("/Users/mikelhernaez/Library/Application Support/MiKTeX/texmfs/install/tex/gen
eric/pgf/utilities/pgfutil-latex.def"
\pgfutil@abb=\box52
)
("/Users/mikelhernaez/Library/Application Support/MiKTeX/texmfs/install/tex/gen
eric/pgf/utilities/pgfrcs.code.tex"
("/Users/mikelhernaez/Library/Application Support/MiKTeX/texmfs/install/tex/gen
eric/pgf/pgf.revision.tex")
Package: pgfrcs 2020/12/27 v3.1.8b (3.1.8b)
))
Package: pgf 2020/12/27 v3.1.8b (3.1.8b)

("/Users/mikelhernaez/Library/Application Support/MiKTeX/texmfs/install/tex/lat
ex/pgf/basiclayer/pgfcore.sty"
("/Users/mikelhernaez/Library/Application Support/MiKTeX/texmfs/install/tex/lat
ex/pgf/systemlayer/pgfsys.sty"
("/Users/mikelhernaez/Library/Application Support/MiKTeX/texmfs/install/tex/gen
eric/pgf/systemlayer/pgfsys.code.tex"
Package: pgfsys 2020/12/27 v3.1.8b (3.1.8b)

("/Users/mikelhernaez/Library/Application Support/MiKTeX/texmfs/install/tex/gen
eric/pgf/utilities/pgfkeys.code.tex"
\pgfkeys@pathtoks=\toks25
\pgfkeys@temptoks=\toks26

("/Users/mikelhernaez/Library/Application Support/MiKTeX/texmfs/install/tex/gen
eric/pgf/utilities/pgfkeysfiltered.code.tex"
\pgfkeys@tmptoks=\toks27
))
\pgf@x=\dimen156
\pgf@y=\dimen157
\pgf@xa=\dimen158
\pgf@ya=\dimen159
\pgf@xb=\dimen160
\pgf@yb=\dimen161
\pgf@xc=\dimen162
\pgf@yc=\dimen163
\pgf@xd=\dimen164
\pgf@yd=\dimen165
\w@pgf@writea=\write3
\r@pgf@reada=\read2
\c@pgf@counta=\count269
\c@pgf@countb=\count270
\c@pgf@countc=\count271
\c@pgf@countd=\count272
\t@pgf@toka=\toks28
\t@pgf@tokb=\toks29
\t@pgf@tokc=\toks30
\pgf@sys@id@count=\count273

("/Users/mikelhernaez/Library/Application Support/MiKTeX/texmfs/install/tex/gen
eric/pgf/systemlayer/pgf.cfg"
File: pgf.cfg 2020/12/27 v3.1.8b (3.1.8b)
)
Driver file for pgf: pgfsys-pdftex.def

("/Users/mikelhernaez/Library/Application Support/MiKTeX/texmfs/install/tex/gen
eric/pgf/systemlayer/pgfsys-pdftex.def"
File: pgfsys-pdftex.def 2020/12/27 v3.1.8b (3.1.8b)

("/Users/mikelhernaez/Library/Application Support/MiKTeX/texmfs/install/tex/gen
eric/pgf/systemlayer/pgfsys-common-pdf.def"
File: pgfsys-common-pdf.def 2020/12/27 v3.1.8b (3.1.8b)
)))
("/Users/mikelhernaez/Library/Application Support/MiKTeX/texmfs/install/tex/gen
eric/pgf/systemlayer/pgfsyssoftpath.code.tex"
File: pgfsyssoftpath.code.tex 2020/12/27 v3.1.8b (3.1.8b)
\pgfsyssoftpath@smallbuffer@items=\count274
\pgfsyssoftpath@bigbuffer@items=\count275
)
("/Users/mikelhernaez/Library/Application Support/MiKTeX/texmfs/install/tex/gen
eric/pgf/systemlayer/pgfsysprotocol.code.tex"
File: pgfsysprotocol.code.tex 2020/12/27 v3.1.8b (3.1.8b)
))
("/Users/mikelhernaez/Library/Application Support/MiKTeX/texmfs/install/tex/gen
eric/pgf/basiclayer/pgfcore.code.tex"
Package: pgfcore 2020/12/27 v3.1.8b (3.1.8b)

("/Users/mikelhernaez/Library/Application Support/MiKTeX/texmfs/install/tex/gen
eric/pgf/math/pgfmath.code.tex"
("/Users/mikelhernaez/Library/Application Support/MiKTeX/texmfs/install/tex/gen
eric/pgf/math/pgfmathcalc.code.tex"
("/Users/mikelhernaez/Library/Application Support/MiKTeX/texmfs/install/tex/gen
eric/pgf/math/pgfmathutil.code.tex")
("/Users/mikelhernaez/Library/Application Support/MiKTeX/texmfs/install/tex/gen
eric/pgf/math/pgfmathparser.code.tex"
\pgfmath@dimen=\dimen166
\pgfmath@count=\count276
\pgfmath@box=\box53
\pgfmath@toks=\toks31
\pgfmath@stack@operand=\toks32
\pgfmath@stack@operation=\toks33
)
("/Users/mikelhernaez/Library/Application Support/MiKTeX/texmfs/install/tex/gen
eric/pgf/math/pgfmathfunctions.code.tex"
("/Users/mikelhernaez/Library/Application Support/MiKTeX/texmfs/install/tex/gen
eric/pgf/math/pgfmathfunctions.basic.code.tex")
("/Users/mikelhernaez/Library/Application Support/MiKTeX/texmfs/install/tex/gen
eric/pgf/math/pgfmathfunctions.trigonometric.code.tex")
("/Users/mikelhernaez/Library/Application Support/MiKTeX/texmfs/install/tex/gen
eric/pgf/math/pgfmathfunctions.random.code.tex")
("/Users/mikelhernaez/Library/Application Support/MiKTeX/texmfs/install/tex/gen
eric/pgf/math/pgfmathfunctions.comparison.code.tex")
("/Users/mikelhernaez/Library/Application Support/MiKTeX/texmfs/install/tex/gen
eric/pgf/math/pgfmathfunctions.base.code.tex")
("/Users/mikelhernaez/Library/Application Support/MiKTeX/texmfs/install/tex/gen
eric/pgf/math/pgfmathfunctions.round.code.tex")
("/Users/mikelhernaez/Library/Application Support/MiKTeX/texmfs/install/tex/gen
eric/pgf/math/pgfmathfunctions.misc.code.tex")
("/Users/mikelhernaez/Library/Application Support/MiKTeX/texmfs/install/tex/gen
eric/pgf/math/pgfmathfunctions.integerarithmetics.code.tex")))
("/Users/mikelhernaez/Library/Application Support/MiKTeX/texmfs/install/tex/gen
eric/pgf/math/pgfmathfloat.code.tex"
\c@pgfmathroundto@lastzeros=\count277
))
("/Users/mikelhernaez/Library/Application Support/MiKTeX/texmfs/install/tex/gen
eric/pgf/math/pgfint.code.tex")
("/Users/mikelhernaez/Library/Application Support/MiKTeX/texmfs/install/tex/gen
eric/pgf/basiclayer/pgfcorepoints.code.tex"
File: pgfcorepoints.code.tex 2020/12/27 v3.1.8b (3.1.8b)
\pgf@picminx=\dimen167
\pgf@picmaxx=\dimen168
\pgf@picminy=\dimen169
\pgf@picmaxy=\dimen170
\pgf@pathminx=\dimen171
\pgf@pathmaxx=\dimen172
\pgf@pathminy=\dimen173
\pgf@pathmaxy=\dimen174
\pgf@xx=\dimen175
\pgf@xy=\dimen176
\pgf@yx=\dimen177
\pgf@yy=\dimen178
\pgf@zx=\dimen179
\pgf@zy=\dimen180
)
("/Users/mikelhernaez/Library/Application Support/MiKTeX/texmfs/install/tex/gen
eric/pgf/basiclayer/pgfcorepathconstruct.code.tex"
File: pgfcorepathconstruct.code.tex 2020/12/27 v3.1.8b (3.1.8b)
\pgf@path@lastx=\dimen181
\pgf@path@lasty=\dimen182
)
("/Users/mikelhernaez/Library/Application Support/MiKTeX/texmfs/install/tex/gen
eric/pgf/basiclayer/pgfcorepathusage.code.tex"
File: pgfcorepathusage.code.tex 2020/12/27 v3.1.8b (3.1.8b)
\pgf@shorten@end@additional=\dimen183
\pgf@shorten@start@additional=\dimen184
)
("/Users/mikelhernaez/Library/Application Support/MiKTeX/texmfs/install/tex/gen
eric/pgf/basiclayer/pgfcorescopes.code.tex"
File: pgfcorescopes.code.tex 2020/12/27 v3.1.8b (3.1.8b)
\pgfpic=\box54
\pgf@hbox=\box55
\pgf@layerbox@main=\box56
\pgf@picture@serial@count=\count278
)
("/Users/mikelhernaez/Library/Application Support/MiKTeX/texmfs/install/tex/gen
eric/pgf/basiclayer/pgfcoregraphicstate.code.tex"
File: pgfcoregraphicstate.code.tex 2020/12/27 v3.1.8b (3.1.8b)
\pgflinewidth=\dimen185
)
("/Users/mikelhernaez/Library/Application Support/MiKTeX/texmfs/install/tex/gen
eric/pgf/basiclayer/pgfcoretransformations.code.tex"
File: pgfcoretransformations.code.tex 2020/12/27 v3.1.8b (3.1.8b)
\pgf@pt@x=\dimen186
\pgf@pt@y=\dimen187
\pgf@pt@temp=\dimen188
)
("/Users/mikelhernaez/Library/Application Support/MiKTeX/texmfs/install/tex/gen
eric/pgf/basiclayer/pgfcorequick.code.tex"
File: pgfcorequick.code.tex 2020/12/27 v3.1.8b (3.1.8b)
)
("/Users/mikelhernaez/Library/Application Support/MiKTeX/texmfs/install/tex/gen
eric/pgf/basiclayer/pgfcoreobjects.code.tex"
File: pgfcoreobjects.code.tex 2020/12/27 v3.1.8b (3.1.8b)
)
("/Users/mikelhernaez/Library/Application Support/MiKTeX/texmfs/install/tex/gen
eric/pgf/basiclayer/pgfcorepathprocessing.code.tex"
File: pgfcorepathprocessing.code.tex 2020/12/27 v3.1.8b (3.1.8b)
)
("/Users/mikelhernaez/Library/Application Support/MiKTeX/texmfs/install/tex/gen
eric/pgf/basiclayer/pgfcorearrows.code.tex"
File: pgfcorearrows.code.tex 2020/12/27 v3.1.8b (3.1.8b)
\pgfarrowsep=\dimen189
)
("/Users/mikelhernaez/Library/Application Support/MiKTeX/texmfs/install/tex/gen
eric/pgf/basiclayer/pgfcoreshade.code.tex"
File: pgfcoreshade.code.tex 2020/12/27 v3.1.8b (3.1.8b)
\pgf@max=\dimen190
\pgf@sys@shading@range@num=\count279
\pgf@shadingcount=\count280
)
("/Users/mikelhernaez/Library/Application Support/MiKTeX/texmfs/install/tex/gen
eric/pgf/basiclayer/pgfcoreimage.code.tex"
File: pgfcoreimage.code.tex 2020/12/27 v3.1.8b (3.1.8b)

("/Users/mikelhernaez/Library/Application Support/MiKTeX/texmfs/install/tex/gen
eric/pgf/basiclayer/pgfcoreexternal.code.tex"
File: pgfcoreexternal.code.tex 2020/12/27 v3.1.8b (3.1.8b)
\pgfexternal@startupbox=\box57
))
("/Users/mikelhernaez/Library/Application Support/MiKTeX/texmfs/install/tex/gen
eric/pgf/basiclayer/pgfcorelayers.code.tex"
File: pgfcorelayers.code.tex 2020/12/27 v3.1.8b (3.1.8b)
)
("/Users/mikelhernaez/Library/Application Support/MiKTeX/texmfs/install/tex/gen
eric/pgf/basiclayer/pgfcoretransparency.code.tex"
File: pgfcoretransparency.code.tex 2020/12/27 v3.1.8b (3.1.8b)
)
("/Users/mikelhernaez/Library/Application Support/MiKTeX/texmfs/install/tex/gen
eric/pgf/basiclayer/pgfcorepatterns.code.tex"
File: pgfcorepatterns.code.tex 2020/12/27 v3.1.8b (3.1.8b)
)
("/Users/mikelhernaez/Library/Application Support/MiKTeX/texmfs/install/tex/gen
eric/pgf/basiclayer/pgfcorerdf.code.tex"
File: pgfcorerdf.code.tex 2020/12/27 v3.1.8b (3.1.8b)
)))
("/Users/mikelhernaez/Library/Application Support/MiKTeX/texmfs/install/tex/gen
eric/pgf/modules/pgfmoduleshapes.code.tex"
File: pgfmoduleshapes.code.tex 2020/12/27 v3.1.8b (3.1.8b)
\pgfnodeparttextbox=\box58
)
("/Users/mikelhernaez/Library/Application Support/MiKTeX/texmfs/install/tex/gen
eric/pgf/modules/pgfmoduleplot.code.tex"
File: pgfmoduleplot.code.tex 2020/12/27 v3.1.8b (3.1.8b)
)
("/Users/mikelhernaez/Library/Application Support/MiKTeX/texmfs/install/tex/lat
ex/pgf/compatibility/pgfcomp-version-0-65.sty"
Package: pgfcomp-version-0-65 2020/12/27 v3.1.8b (3.1.8b)
\pgf@nodesepstart=\dimen191
\pgf@nodesepend=\dimen192
)
("/Users/mikelhernaez/Library/Application Support/MiKTeX/texmfs/install/tex/lat
ex/pgf/compatibility/pgfcomp-version-1-18.sty"
Package: pgfcomp-version-1-18 2020/12/27 v3.1.8b (3.1.8b)
))
("/Users/mikelhernaez/Library/Application Support/MiKTeX/texmfs/install/tex/lat
ex/pgf/utilities/pgffor.sty"
("/Users/mikelhernaez/Library/Application Support/MiKTeX/texmfs/install/tex/lat
ex/pgf/utilities/pgfkeys.sty"
("/Users/mikelhernaez/Library/Application Support/MiKTeX/texmfs/install/tex/gen
eric/pgf/utilities/pgfkeys.code.tex"))
("/Users/mikelhernaez/Library/Application Support/MiKTeX/texmfs/install/tex/lat
ex/pgf/math/pgfmath.sty"
("/Users/mikelhernaez/Library/Application Support/MiKTeX/texmfs/install/tex/gen
eric/pgf/math/pgfmath.code.tex"))
("/Users/mikelhernaez/Library/Application Support/MiKTeX/texmfs/install/tex/gen
eric/pgf/utilities/pgffor.code.tex"
Package: pgffor 2020/12/27 v3.1.8b (3.1.8b)

("/Users/mikelhernaez/Library/Application Support/MiKTeX/texmfs/install/tex/gen
eric/pgf/math/pgfmath.code.tex")
\pgffor@iter=\dimen193
\pgffor@skip=\dimen194
\pgffor@stack=\toks34
\pgffor@toks=\toks35
))
("/Users/mikelhernaez/Library/Application Support/MiKTeX/texmfs/install/tex/gen
eric/pgf/frontendlayer/tikz/tikz.code.tex"
Package: tikz 2020/12/27 v3.1.8b (3.1.8b)

("/Users/mikelhernaez/Library/Application Support/MiKTeX/texmfs/install/tex/gen
eric/pgf/libraries/pgflibraryplothandlers.code.tex"
File: pgflibraryplothandlers.code.tex 2020/12/27 v3.1.8b (3.1.8b)
\pgf@plot@mark@count=\count281
\pgfplotmarksize=\dimen195
)
\tikz@lastx=\dimen196
\tikz@lasty=\dimen197
\tikz@lastxsaved=\dimen198
\tikz@lastysaved=\dimen199
\tikz@lastmovetox=\dimen256
\tikz@lastmovetoy=\dimen257
\tikzleveldistance=\dimen258
\tikzsiblingdistance=\dimen259
\tikz@figbox=\box59
\tikz@figbox@bg=\box60
\tikz@tempbox=\box61
\tikz@tempbox@bg=\box62
\tikztreelevel=\count282
\tikznumberofchildren=\count283
\tikznumberofcurrentchild=\count284
\tikz@fig@count=\count285

("/Users/mikelhernaez/Library/Application Support/MiKTeX/texmfs/install/tex/gen
eric/pgf/modules/pgfmodulematrix.code.tex"
File: pgfmodulematrix.code.tex 2020/12/27 v3.1.8b (3.1.8b)
\pgfmatrixcurrentrow=\count286
\pgfmatrixcurrentcolumn=\count287
\pgf@matrix@numberofcolumns=\count288
)
\tikz@expandcount=\count289

("/Users/mikelhernaez/Library/Application Support/MiKTeX/texmfs/install/tex/gen
eric/pgf/frontendlayer/tikz/libraries/tikzlibrarytopaths.code.tex"
File: tikzlibrarytopaths.code.tex 2020/12/27 v3.1.8b (3.1.8b)
))))
(moderncvheadi.sty
Package: moderncvheadi 2015/07/28 v2.0.0 modern curriculum vitae and letter hea
der variant: 1
\quotewidth=\skip71
\makecvheadnamewidth=\skip72
) (moderncvbodyiii.sty
Package: moderncvbodyiii 2015/07/28 v2.0.0 modern curriculum vitae and letter b
ody variant: 3
\hintscolumnwidth=\skip73
\separatorcolumnwidth=\skip74
\maincolumnwidth=\skip75
\doubleitemcolumnwidth=\skip76
\listitemsymbolwidth=\skip77
LaTeX Font Info:    Trying to load font information for U+mvs on input line 87.


("/Users/mikelhernaez/Library/Application Support/MiKTeX/texmfs/install/tex/lat
ex/marvosym/umvs.fd")
\listitemcolumnwidth=\skip78
\listdoubleitemcolumnwidth=\skip79
\cvitemwithcommentmainbox=\box63
\cvitemwithcommentmainlength=\skip80
\cvitemwithcommentcommentlength=\skip81
)) (moderncvcolorblack.sty
Package: moderncvcolorblack 2015/07/28 v2.0.0 modern curriculum vitae and lette
r color scheme: black
)
("/Users/mikelhernaez/Library/Application Support/MiKTeX/texmfs/install/tex/lat
ex/geometry/geometry.sty"
Package: geometry 2020/01/02 v5.9 Page Geometry

("/Users/mikelhernaez/Library/Application Support/MiKTeX/texmfs/install/tex/gen
eric/iftex/ifvtex.sty"
Package: ifvtex 2019/10/25 v1.7 ifvtex legacy package. Use iftex instead.
)
\Gm@cnth=\count290
\Gm@cntv=\count291
\c@Gm@tempcnt=\count292
\Gm@bindingoffset=\dimen260
\Gm@wd@mp=\dimen261
\Gm@odd@mp=\dimen262
\Gm@even@mp=\dimen263
\Gm@layoutwidth=\dimen264
\Gm@layoutheight=\dimen265
\Gm@layouthoffset=\dimen266
\Gm@layoutvoffset=\dimen267
\Gm@dimlist=\toks36

("/Users/mikelhernaez/Library/Application Support/MiKTeX/texmfs/install/tex/lat
ex/geometry/geometry.cfg"))
("/Users/mikelhernaez/Library/Application Support/MiKTeX/texmfs/install/tex/lat
ex/hyperref/hyperref.sty"
Package: hyperref 2020-05-15 v7.00e Hypertext links for LaTeX

("/Users/mikelhernaez/Library/Application Support/MiKTeX/texmfs/install/tex/gen
eric/ltxcmds/ltxcmds.sty"
Package: ltxcmds 2020-05-10 v1.25 LaTeX kernel commands for general use (HO)
)
("/Users/mikelhernaez/Library/Application Support/MiKTeX/texmfs/install/tex/gen
eric/pdftexcmds/pdftexcmds.sty"
Package: pdftexcmds 2020-06-27 v0.33 Utility functions of pdfTeX for LuaTeX (HO
)

("/Users/mikelhernaez/Library/Application Support/MiKTeX/texmfs/install/tex/gen
eric/infwarerr/infwarerr.sty"
Package: infwarerr 2019/12/03 v1.5 Providing info/warning/error messages (HO)
)
Package pdftexcmds Info: \pdf@primitive is available.
Package pdftexcmds Info: \pdf@ifprimitive is available.
Package pdftexcmds Info: \pdfdraftmode found.
)
("/Users/mikelhernaez/Library/Application Support/MiKTeX/texmfs/install/tex/gen
eric/kvsetkeys/kvsetkeys.sty"
Package: kvsetkeys 2019/12/15 v1.18 Key value parser (HO)
)
("/Users/mikelhernaez/Library/Application Support/MiKTeX/texmfs/install/tex/gen
eric/kvdefinekeys/kvdefinekeys.sty"
Package: kvdefinekeys 2019-12-19 v1.6 Define keys (HO)
)
("/Users/mikelhernaez/Library/Application Support/MiKTeX/texmfs/install/tex/gen
eric/pdfescape/pdfescape.sty"
Package: pdfescape 2019/12/09 v1.15 Implements pdfTeX's escape features (HO)
)
("/Users/mikelhernaez/Library/Application Support/MiKTeX/texmfs/install/tex/lat
ex/hycolor/hycolor.sty"
Package: hycolor 2020-01-27 v1.10 Color options for hyperref/bookmark (HO)
)
("/Users/mikelhernaez/Library/Application Support/MiKTeX/texmfs/install/tex/lat
ex/letltxmacro/letltxmacro.sty"
Package: letltxmacro 2019/12/03 v1.6 Let assignment for LaTeX macros (HO)
)
("/Users/mikelhernaez/Library/Application Support/MiKTeX/texmfs/install/tex/lat
ex/auxhook/auxhook.sty"
Package: auxhook 2019-12-17 v1.6 Hooks for auxiliary files (HO)
)
("/Users/mikelhernaez/Library/Application Support/MiKTeX/texmfs/install/tex/lat
ex/kvoptions/kvoptions.sty"
Package: kvoptions 2020-10-07 v3.14 Key value format for package options (HO)
)
\@linkdim=\dimen268
\Hy@linkcounter=\count293
\Hy@pagecounter=\count294

("/Users/mikelhernaez/Library/Application Support/MiKTeX/texmfs/install/tex/lat
ex/hyperref/pd1enc.def"
File: pd1enc.def 2020-05-15 v7.00e Hyperref: PDFDocEncoding definition (HO)
Now handling font encoding PD1 ...
... no UTF-8 mapping file for font encoding PD1
)
("/Users/mikelhernaez/Library/Application Support/MiKTeX/texmfs/install/tex/gen
eric/intcalc/intcalc.sty"
Package: intcalc 2019/12/15 v1.3 Expandable calculations with integers (HO)
)
("/Users/mikelhernaez/Library/Application Support/MiKTeX/texmfs/install/tex/gen
eric/etexcmds/etexcmds.sty"
Package: etexcmds 2019/12/15 v1.7 Avoid name clashes with e-TeX commands (HO)
)
\Hy@SavedSpaceFactor=\count295
Package hyperref Info: Option `unicode' set `true' on input line 4338.

("/Users/mikelhernaez/Library/Application Support/MiKTeX/texmfs/install/tex/lat
ex/hyperref/puenc.def"
File: puenc.def 2020-05-15 v7.00e Hyperref: PDF Unicode definition (HO)
Now handling font encoding PU ...
... no UTF-8 mapping file for font encoding PU
)
Package hyperref Info: Hyper figures OFF on input line 4464.
Package hyperref Info: Link nesting OFF on input line 4469.
Package hyperref Info: Hyper index ON on input line 4472.
Package hyperref Info: Plain pages OFF on input line 4479.
Package hyperref Info: Backreferencing OFF on input line 4484.
Package hyperref Info: Implicit mode ON; LaTeX internals redefined.
Package hyperref Info: Bookmarks ON on input line 4717.
\c@Hy@tempcnt=\count296
LaTeX Info: Redefining \url on input line 5076.
\XeTeXLinkMargin=\dimen269

("/Users/mikelhernaez/Library/Application Support/MiKTeX/texmfs/install/tex/gen
eric/bitset/bitset.sty"
Package: bitset 2019/12/09 v1.3 Handle bit-vector datatype (HO)

("/Users/mikelhernaez/Library/Application Support/MiKTeX/texmfs/install/tex/gen
eric/bigintcalc/bigintcalc.sty"
Package: bigintcalc 2019/12/15 v1.5 Expandable calculations on big integers (HO
)
))
\Fld@menulength=\count297
\Field@Width=\dimen270
\Fld@charsize=\dimen271
Package hyperref Info: Hyper figures OFF on input line 6347.
Package hyperref Info: Link nesting OFF on input line 6352.
Package hyperref Info: Hyper index ON on input line 6355.
Package hyperref Info: backreferencing OFF on input line 6362.
Package hyperref Info: Link coloring OFF on input line 6367.
Package hyperref Info: Link coloring with OCG OFF on input line 6372.
Package hyperref Info: PDF/A mode OFF on input line 6377.
LaTeX Info: Redefining \ref on input line 6417.
LaTeX Info: Redefining \pageref on input line 6421.

("/Users/mikelhernaez/Library/Application Support/MiKTeX/texmfs/install/tex/lat
ex/base/atbegshi-ltx.sty"
Package: atbegshi-ltx 2020/08/17 v1.0a Emulation of the original atbegshi packa
ge
with kernel methods
)
\Hy@abspage=\count298
\c@Item=\count299
\c@Hfootnote=\count300
)
Package hyperref Info: Driver (autodetected): hpdftex.

("/Users/mikelhernaez/Library/Application Support/MiKTeX/texmfs/install/tex/lat
ex/hyperref/hpdftex.def"
File: hpdftex.def 2020-05-15 v7.00e Hyperref driver for pdfTeX

("/Users/mikelhernaez/Library/Application Support/MiKTeX/texmfs/install/tex/lat
ex/base/atveryend-ltx.sty"
Package: atveryend-ltx 2020/08/19 v1.0a Emulation of the original atvery packag
e
with kernel methods
)
\Fld@listcount=\count301
\c@bookmark@seq@number=\count302

("/Users/mikelhernaez/Library/Application Support/MiKTeX/texmfs/install/tex/lat
ex/rerunfilecheck/rerunfilecheck.sty"
Package: rerunfilecheck 2019/12/05 v1.9 Rerun checks for auxiliary files (HO)

("/Users/mikelhernaez/Library/Application Support/MiKTeX/texmfs/install/tex/gen
eric/uniquecounter/uniquecounter.sty"
Package: uniquecounter 2019/12/15 v1.4 Provide unlimited unique counter (HO)
)
Package uniquecounter Info: New unique counter `rerunfilecheck' on input line 2
86.
)
\Hy@SectionHShift=\skip82
)
Package hyperref Info: Option `breaklinks' set `true' on input line 59.
Package hyperref Info: Option `bookmarksopen' set `true' on input line 59.
LaTeX Font Info:    Trying to load font information for T1+lmr on input line 59
.

("/Users/mikelhernaez/Library/Application Support/MiKTeX/texmfs/install/tex/lat
ex/lm/t1lmr.fd"
File: t1lmr.fd 2009/10/30 v1.6 Font defs for Latin Modern
) (cv_mhernaez.aux)
\openout1 = `cv_mhernaez.aux'.

LaTeX Font Info:    Checking defaults for OML/cmm/m/it on input line 59.
LaTeX Font Info:    ... okay on input line 59.
LaTeX Font Info:    Checking defaults for OMS/cmsy/m/n on input line 59.
LaTeX Font Info:    ... okay on input line 59.
LaTeX Font Info:    Checking defaults for OT1/cmr/m/n on input line 59.
LaTeX Font Info:    ... okay on input line 59.
LaTeX Font Info:    Checking defaults for T1/cmr/m/n on input line 59.
LaTeX Font Info:    ... okay on input line 59.
LaTeX Font Info:    Checking defaults for TS1/cmr/m/n on input line 59.
LaTeX Font Info:    ... okay on input line 59.
LaTeX Font Info:    Checking defaults for OMX/cmex/m/n on input line 59.
LaTeX Font Info:    ... okay on input line 59.
LaTeX Font Info:    Checking defaults for U/cmr/m/n on input line 59.
LaTeX Font Info:    ... okay on input line 59.
LaTeX Font Info:    Checking defaults for PD1/pdf/m/n on input line 59.
LaTeX Font Info:    ... okay on input line 59.
LaTeX Font Info:    Checking defaults for PU/pdf/m/n on input line 59.
LaTeX Font Info:    ... okay on input line 59.
LaTeX Font Info:    Trying to load font information for T1+lmss on input line 5
9.

("/Users/mikelhernaez/Library/Application Support/MiKTeX/texmfs/install/tex/lat
ex/lm/t1lmss.fd"
File: t1lmss.fd 2009/10/30 v1.6 Font defs for Latin Modern
)
("/Users/mikelhernaez/Library/Application Support/MiKTeX/texmfs/install/tex/con
text/base/mkii/supp-pdf.mkii"
[Loading MPS to PDF converter (version 2006.09.02).]
\scratchcounter=\count303
\scratchdimen=\dimen272
\scratchbox=\box64
\nofMPsegments=\count304
\nofMParguments=\count305
\everyMPshowfont=\toks37
\MPscratchCnt=\count306
\MPscratchDim=\dimen273
\MPnumerator=\count307
\makeMPintoPDFobject=\count308
\everyMPtoPDFconversion=\toks38
)
("/Users/mikelhernaez/Library/Application Support/MiKTeX/texmfs/install/tex/lat
ex/epstopdf-pkg/epstopdf-base.sty"
Package: epstopdf-base 2020-01-24 v2.11 Base part for package epstopdf
Package epstopdf-base Info: Redefining graphics rule for `.eps' on input line 4
85.
)
LaTeX Info: Redefining \microtypecontext on input line 59.
Package microtype Info: Generating PDF output.
Package microtype Info: Character protrusion enabled (level 2).
Package microtype Info: Using default protrusion set `alltext'.
Package microtype Info: Automatic font expansion enabled (level 2),
(microtype)             stretch: 20, shrink: 20, step: 1, non-selected.
Package microtype Info: Using default expansion set `alltext-nott'.
LaTeX Info: Redefining \showhyphens on input line 59.
Package microtype Info: No adjustment of tracking.
Package microtype Info: No adjustment of interword spacing.
Package microtype Info: No adjustment of character kerning.
Package microtype Info: Loading generic protrusion settings for font family
(microtype)             `lmss' (encoding: T1).
(microtype)             For optimal results, create family-specific settings.
(microtype)             See the microtype manual for details.

*geometry* driver: auto-detecting
*geometry* detected driver: pdftex
*geometry* verbose mode - [ preamble ] result:
* driver: pdftex
* paper: a4paper
* layout: <same size as paper>
* layoutoffset:(h,v)=(0.0pt,0.0pt)
* modes: 
* h-part:(L,W,R)=(74.68848pt, 448.1309pt, 74.68849pt)
* v-part:(T,H,B)=(84.50467pt, 633.78513pt, 126.75705pt)
* \paperwidth=597.50787pt
* \paperheight=845.04684pt
* \textwidth=448.1309pt
* \textheight=633.78513pt
* \oddsidemargin=2.41849pt
* \evensidemargin=2.41849pt
* \topmargin=-24.76532pt
* \headheight=12.0pt
* \headsep=25.0pt
* \topskip=11.0pt
* \footskip=30.0pt
* \marginparwidth=50.0pt
* \marginparsep=10.0pt
* \columnsep=10.0pt
* \skip\footins=10.0pt plus 4.0pt minus 2.0pt
* \hoffset=0.0pt
* \voffset=0.0pt
* \mag=1000
* \@twocolumnfalse
* \@twosidefalse
* \@mparswitchfalse
* \@reversemarginfalse
* (1in=72.27pt=25.4mm, 1cm=28.453pt)

Package hyperref Info: Link coloring OFF on input line 59.

("/Users/mikelhernaez/Library/Application Support/MiKTeX/texmfs/install/tex/lat
ex/hyperref/nameref.sty"
Package: nameref 2019/09/16 v2.46 Cross-referencing by name of section

("/Users/mikelhernaez/Library/Application Support/MiKTeX/texmfs/install/tex/lat
ex/refcount/refcount.sty"
Package: refcount 2019/12/15 v3.6 Data extraction from label references (HO)
)
("/Users/mikelhernaez/Library/Application Support/MiKTeX/texmfs/install/tex/gen
eric/gettitlestring/gettitlestring.sty"
Package: gettitlestring 2019/12/15 v1.6 Cleanup title references (HO)
)
\c@section@level=\count309
)
LaTeX Info: Redefining \ref on input line 59.
LaTeX Info: Redefining \pageref on input line 59.
LaTeX Info: Redefining \nameref on input line 59.
 (cv_mhernaez.out) (cv_mhernaez.out)
\@outlinefile=\write4
\openout4 = `cv_mhernaez.out'.

\makecvheaddetailsbox=\box65
LaTeX Font Info:    Trying to load font information for OT1+lmr on input line 6
2.

("/Users/mikelhernaez/Library/Application Support/MiKTeX/texmfs/install/tex/lat
ex/lm/ot1lmr.fd"
File: ot1lmr.fd 2009/10/30 v1.6 Font defs for Latin Modern
)
("/Users/mikelhernaez/Library/Application Support/MiKTeX/texmfs/install/tex/lat
ex/microtype/mt-cmr.cfg"
File: mt-cmr.cfg 2013/05/19 v2.2 microtype config. file: Computer Modern Roman 
(RS)
)
LaTeX Font Info:    Trying to load font information for OML+lmm on input line 6
2.

("/Users/mikelhernaez/Library/Application Support/MiKTeX/texmfs/install/tex/lat
ex/lm/omllmm.fd"
File: omllmm.fd 2009/10/30 v1.6 Font defs for Latin Modern
)
LaTeX Font Info:    Trying to load font information for OMS+lmsy on input line 
62.

("/Users/mikelhernaez/Library/Application Support/MiKTeX/texmfs/install/tex/lat
ex/lm/omslmsy.fd"
File: omslmsy.fd 2009/10/30 v1.6 Font defs for Latin Modern
)
LaTeX Font Info:    Trying to load font information for OMX+lmex on input line 
62.

("/Users/mikelhernaez/Library/Application Support/MiKTeX/texmfs/install/tex/lat
ex/lm/omxlmex.fd"
File: omxlmex.fd 2009/10/30 v1.6 Font defs for Latin Modern
)
LaTeX Font Info:    External font `lmex10' loaded for size
(Font)              <10> on input line 62.
LaTeX Font Info:    External font `lmex10' loaded for size
(Font)              <7> on input line 62.
LaTeX Font Info:    External font `lmex10' loaded for size
(Font)              <5> on input line 62.

("/Users/mikelhernaez/Library/Application Support/MiKTeX/texmfs/install/tex/lat
ex/microtype/mt-mvs.cfg"
File: mt-mvs.cfg 2006/07/05 v1.1 microtype config. file: Marvosym Euro (RS)
)
\makecvheadpicturebox=\box66
\makecvheaddetailswidth=\skip83
\makecvheadpicturewidth=\skip84
\makecvheadnamebox=\box67
Package microtype Info: Character `029' is missing
(microtype)             in font `T1/lmr/m/sc/34'.
(microtype)             Ignoring protrusion settings for this character.

Underfull \hbox (badness 10000) in paragraph at lines 62--62

 []


LaTeX Font Warning: Font shape `T1/lmss/m/sc' in size <14.4> not available
(Font)              Font shape `T1/lmr/m/sc' tried instead on input line 66.

Package microtype Info: Character `029' is missing
(microtype)             in font `T1/lmr/m/sc/14.4'.
(microtype)             Ignoring protrusion settings for this character.
LaTeX Font Info:    External font `lmex10' loaded for size
(Font)              <10.95> on input line 67.
LaTeX Font Info:    External font `lmex10' loaded for size
(Font)              <8> on input line 67.
LaTeX Font Info:    External font `lmex10' loaded for size
(Font)              <6> on input line 67.
LaTeX Font Info:    Font shape `T1/lmss/m/it' in size <10.95> not available
(Font)              Font shape `T1/lmss/m/sl' tried instead on input line 67.
LaTeX Font Info:    Font shape `T1/lmss/bx/it' in size <10.95> not available
(Font)              Font shape `T1/lmss/bx/sl' tried instead on input line 67.
LaTeX Font Info:    Font shape `T1/lmss/bx/it' in size <10> not available
(Font)              Font shape `T1/lmss/bx/sl' tried instead on input line 67.

Overfull \hbox (22.83603pt too wide) in alignment at lines 73--73
[] [] 
 []


Overfull \hbox (17.7804pt too wide) in alignment at lines 80--80
[] [] 
 []


Overfull \hbox (9.28963pt too wide) in alignment at lines 104--104
[] [] 
 []


LaTeX Font Warning: Font shape `T1/lmss/bx/sc' undefined
(Font)              using `T1/lmss/bx/n' instead on input line 118.

[1

{/Users/mikelhernaez/Library/Application Support/MiKTeX/texmfs/data/pdftex/conf
ig/pdftex.map}]
Overfull \hbox (45.4407pt too wide) in alignment at lines 183--183
[] [] 
 []


Underfull \hbox (badness 10000) in paragraph at lines 187--188

 []


Underfull \hbox (badness 10000) in paragraph at lines 199--200

 []

[2]
Overfull \hbox (1.69994pt too wide) in paragraph at lines 221--222
[]\T1/lmss/m/n/10.95 (-20) Conducted research in biological relational database
s under the BIOZON project (http://biozon.org) 
 []

[3]
LaTeX Font Info:    Font shape `T1/lmss/m/it' in size <10> not available
(Font)              Font shape `T1/lmss/m/sl' tried instead on input line 275.

Overfull \hbox (2.37036pt too wide) in paragraph at lines 277--277
 []\T1/lmss/m/sl/10 (-20) 2018
 []


Underfull \hbox (badness 10000) in paragraph at lines 287--288

 []


Underfull \hbox (badness 10000) in paragraph at lines 291--292

 []


Underfull \hbox (badness 10000) in paragraph at lines 293--294

 []


Underfull \hbox (badness 10000) in paragraph at lines 295--296

 []


Underfull \hbox (badness 10000) in paragraph at lines 297--298

 []


Underfull \hbox (badness 10000) in paragraph at lines 306--307

 []


Overfull \hbox (0.55247pt too wide) in paragraph at lines 310--311
[]\T1/lmss/m/n/10.95 (-20) A. No, \T1/lmss/bx/n/10.95 (-20) M. Hernaez$[]$\T1/l
mss/m/n/10.95 (-20) , I. Ochoa, CROMqs: An Infinitesimal SuccessiveRefinement L
ossy Compressor
 []


Underfull \hbox (badness 10000) in paragraph at lines 310--311

 []


Underfull \hbox (badness 10000) in paragraph at lines 312--313

 []


Underfull \hbox (badness 10000) in paragraph at lines 314--315

 []

[4]
Underfull \hbox (badness 10000) in paragraph at lines 316--317

 []


Underfull \hbox (badness 10000) in paragraph at lines 318--319

 []


Underfull \hbox (badness 10000) in paragraph at lines 320--321

 []


Underfull \hbox (badness 10000) in paragraph at lines 322--323

 []


Underfull \hbox (badness 10000) in paragraph at lines 324--325

 []


Package hyperref Warning: Suppressing link with empty target on input line 326.



Underfull \hbox (badness 10000) in paragraph at lines 326--327

 []


Underfull \hbox (badness 10000) in paragraph at lines 328--329

 []


Underfull \hbox (badness 10000) in paragraph at lines 330--331

 []


Underfull \hbox (badness 10000) in paragraph at lines 332--333

 []


Underfull \hbox (badness 10000) in paragraph at lines 334--335

 []


Underfull \hbox (badness 10000) in paragraph at lines 336--337

 []


Underfull \hbox (badness 10000) in paragraph at lines 338--339

 []


Underfull \hbox (badness 10000) in paragraph at lines 340--341

 []


Underfull \hbox (badness 10000) in paragraph at lines 342--343

 []

[5]
Underfull \hbox (badness 10000) in paragraph at lines 344--345

 []


Underfull \hbox (badness 10000) in paragraph at lines 346--347

 []


Underfull \hbox (badness 10000) in paragraph at lines 348--350

 []


Underfull \hbox (badness 10000) in paragraph at lines 351--352

 []


Underfull \hbox (badness 10000) in paragraph at lines 353--354

 []


Underfull \hbox (badness 10000) in paragraph at lines 355--356

 []


Underfull \hbox (badness 10000) in paragraph at lines 357--358

 []


Underfull \hbox (badness 10000) in paragraph at lines 359--360

 []


Underfull \hbox (badness 10000) in paragraph at lines 361--362

 []


Underfull \hbox (badness 10000) in paragraph at lines 363--364

 []


Underfull \hbox (badness 10000) in paragraph at lines 365--366

 []


Underfull \hbox (badness 10000) in paragraph at lines 367--368

 []


Underfull \hbox (badness 10000) in paragraph at lines 369--370

 []


Underfull \hbox (badness 10000) in paragraph at lines 371--372

 []

[6]
Underfull \hbox (badness 10000) in paragraph at lines 373--374

 []


Underfull \hbox (badness 10000) in paragraph at lines 375--376

 []


Underfull \hbox (badness 10000) in paragraph at lines 378--380

 []


Underfull \hbox (badness 10000) in paragraph at lines 422--422

 []


Underfull \hbox (badness 10000) in paragraph at lines 423--423

 []


Overfull \hbox (14.71301pt too wide) in paragraph at lines 431--432
[]\T1/lmss/m/n/10.95 (-20) Chair of special session on ``Bioinformatics'' at th
e 56th Annual Allerton Conference on Communication,
 []


Overfull \hbox (14.71301pt too wide) in paragraph at lines 432--433
[]\T1/lmss/m/n/10.95 (-20) Chair of special session on ``Bioinformatics'' at th
e 55th Annual Allerton Conference on Communication,
 []

[7]
No file cv_mhernaez.bbl.
[8] (cv_mhernaez.aux)

LaTeX Font Warning: Some font shapes were not available, defaults substituted.

Package rerunfilecheck Info: File `cv_mhernaez.out' has not changed.
(rerunfilecheck)             Checksum: 7E21EA8BA2D83D13C6FC47A6084B6C8E;1736.
 )
(\end occurred when \iffalse on line 448 was incomplete)
(\end occurred when \iffalse on line 426 was incomplete)
(\end occurred when \iffalse on line 419 was incomplete)
(\end occurred when \iffalse on line 399 was incomplete)
(\end occurred when \iffalse on line 305 was incomplete)
(\end occurred when \iffalse on line 286 was incomplete)
(\end occurred when \iffalse on line 274 was incomplete)
(\end occurred when \iffalse on line 241 was incomplete)
(\end occurred when \iffalse on line 178 was incomplete)
(\end occurred when \iffalse on line 113 was incomplete)
(\end occurred when \iffalse on line 70 was incomplete)
(\end occurred when \iffalse on line 66 was incomplete) 
Here is how much of TeX's memory you used:
 22820 strings out of 481551
 421634 string characters out of 2913807
 744712 words of memory out of 3000000
 39110 multiletter control sequences out of 15000+200000
 482580 words of font info for 162 fonts, out of 3000000 for 9000
 0 hyphenation exceptions out of 8191
 117i,11n,116p,695b,825s stack positions out of 5000i,500n,10000p,200000b,50000s
{/Users/mikelhernaez/Lib
rary/Application Support/MiKTeX/texmfs/install/fonts/enc/dvips/lm/lm-mathsy.enc
}{/Users/mikelhernaez/Library/Application Support/MiKTeX/texmfs/install/fonts/e
nc/dvips/lm/lm-ec.enc}</Users/mikelhernaez/Library/Application Support/MiKTeX/t
exmfs/install/fonts/type1/public/lm/lmcsc10.pfb></Users/mikelhernaez/Library/Ap
plication Support/MiKTeX/texmfs/install/fonts/type1/public/lm/lmr17.pfb></Users
/mikelhernaez/Library/Application Support/MiKTeX/texmfs/install/fonts/type1/pub
lic/lm/lmss10.pfb></Users/mikelhernaez/Library/Application Support/MiKTeX/texmf
s/install/fonts/type1/public/lm/lmssbo10.pfb></Users/mikelhernaez/Library/Appli
cation Support/MiKTeX/texmfs/install/fonts/type1/public/lm/lmssbx10.pfb></Users
/mikelhernaez/Library/Application Support/MiKTeX/texmfs/install/fonts/type1/pub
lic/lm/lmsso10.pfb></Users/mikelhernaez/Library/Application Support/MiKTeX/texm
fs/install/fonts/type1/public/lm/lmsy8.pfb></Users/mikelhernaez/Library/Applica
tion Support/MiKTeX/texmfs/install/fonts/type1/public/marvosym/marvosym.pfb>
Output written on cv_mhernaez.pdf (8 pages, 239735 bytes).
PDF statistics:
 177 PDF objects out of 1000 (max. 8388607)
 21 named destinations out of 1000 (max. 500000)
 43117 words of extra memory for PDF output out of 51595 (max. 10000000)

