This is pdfTeX, Version 3.14159265-2.6-1.40.15 (TeX Live 2014) (preloaded format=pdflatex 2014.5.25)  10 NOV 2015 20:17
entering extended mode
 restricted \write18 enabled.
 file:line:error style messages enabled.
 %&-line parsing enabled.
**moderncv.cls
(./moderncv.cls
LaTeX2e <2014/05/01>
Babel <3.9k> and hyphenation patterns for 78 languages loaded.

LaTeX Warning: You have requested package `',
               but the package provides `moderncv'.

Package: moderncv 2015/07/28 v2.0.0 modern curriculum vitae and letter document
 class

./moderncv.cls:48: LaTeX Error: Command \@ already defined.
               Or name \end... illegal, see p.192 of the manual.

See the LaTeX manual or LaTeX Companion for explanation.
Type  H <return>  for immediate help.
 ...                                              
                                                  
l.48 \newcommand\@p
                   tsize{}
? 
./moderncv.cls:48: Emergency stop.
 ...                                              
                                                  
l.48 \newcommand\@p
                   tsize{}
Your command was ignored.
Type  I <command> <return>  to replace it with another command,
or  <return>  to continue without it.

 
Here is how much of TeX's memory you used:
 15 strings out of 493117
 426 string characters out of 6135433
 52909 words of memory out of 5000000
 3576 multiletter control sequences out of 15000+600000
 3640 words of font info for 14 fonts, out of 8000000 for 9000
 1141 hyphenation exceptions out of 8191
 7i,0n,4p,114b,14s stack positions out of 5000i,500n,10000p,200000b,80000s
./moderncv.cls:48:  ==> Fatal error occurred, no output PDF file produced!
